Invoked as: /home/aka/Project/metronoming/.buildozer/android/platform/build-arm64-v8a_armeabi-v7a/build/other_builds/sqlite3/arm64-v8a__ndk_target_24/sqlite3/configure --host=aarch64-linux-android --disable-tcl --prefix=/home/aka/Project/metronoming/.buildozer/android/platform/build-arm64-v8a_armeabi-v7a/build/other_builds/sqlite3/arm64-v8a__ndk_target_24/sqlite3
Tclsh: /usr/bin/tclsh
Failed: /home/aka/.buildozer/android/platform/android-ndk-r25c/toolchains/llvm/prebuilt/linux-x86_64/bin/clang -target aarch64-linux-android24 -fomit-frame-pointer -march=armv8-a -fPIC -c -target aarch64-linux-android24 -fomit-frame-pointer -march=armv8-a -fPIC -DANDROID -I/home/aka/.buildozer/android/platform/android-ndk-r25c/toolchains/llvm/prebuilt/linux-x86_64/sysroot/usr/include -I/home/aka/Project/metronoming/.buildozer/android/platform/build-arm64-v8a_armeabi-v7a/build/other_builds/python3/arm64-v8a__ndk_target_24/python3/android-build/android-root/include/python3.14 conftest__.c -o conftest__.o
conftest__.c:3:15: error: '_x' declared as an array with a negative size
static int _x[sizeof(off_t) == 4 ? 1 : -1] = { 1 };
              ^~~~~~~~~~~~~~~~~~~~~~~~~~~
1 error generated.
child process exited abnormally
============
The failed code was:
#include <sys/types.h>
int main(void) {
static int _x[sizeof(off_t) == 4 ? 1 : -1] = { 1 };
return 0;
}
============
Failed: /home/aka/.buildozer/android/platform/android-ndk-r25c/toolchains/llvm/prebuilt/linux-x86_64/bin/clang -target aarch64-linux-android24 -fomit-frame-pointer -march=armv8-a -fPIC -L/home/aka/Project/metronoming/.buildozer/android/platform/build-arm64-v8a_armeabi-v7a/build/libs_collections/metronoming/arm64-v8a -target aarch64-linux-android24 -fomit-frame-pointer -march=armv8-a -fPIC conftest__.c -o conftest__
ld: error: undefined symbol: localtime_s
>>> referenced by conftest__.c
>>>               /tmp/conftest__-19ddfa.o:(main)
>>> did you mean: localtime_r
>>> defined in: /home/aka/.buildozer/android/platform/android-ndk-r25c/toolchains/llvm/prebuilt/linux-x86_64/bin/../sysroot/usr/lib/aarch64-linux-android/24/libc.so
clang-14: error: linker command failed with exit code 1 (use -v to see invocation)
child process exited abnormally
============
The failed code was:
extern void localtime_s(void);
int main(void) {
localtime_s();
return 0;
}
============
Failed: /home/aka/.buildozer/android/platform/android-ndk-r25c/toolchains/llvm/prebuilt/linux-x86_64/bin/clang -target aarch64-linux-android24 -fomit-frame-pointer -march=armv8-a -fPIC -L/home/aka/Project/metronoming/.buildozer/android/platform/build-arm64-v8a_armeabi-v7a/build/libs_collections/metronoming/arm64-v8a -target aarch64-linux-android24 -fomit-frame-pointer -march=armv8-a -fPIC conftest__.c -o conftest__
ld: error: undefined symbol: deflate
>>> referenced by conftest__.c
>>>               /tmp/conftest__-29522a.o:(main)
clang-14: error: linker command failed with exit code 1 (use -v to see invocation)
child process exited abnormally
============
The failed code was:
extern void deflate(void);
int main(void) {
deflate();
return 0;
}
============
Failed: /home/aka/.buildozer/android/platform/android-ndk-r25c/toolchains/llvm/prebuilt/linux-x86_64/bin/clang -target aarch64-linux-android24 -fomit-frame-pointer -march=armv8-a -fPIC -c -fsanitize=bounds-strict -target aarch64-linux-android24 -fomit-frame-pointer -march=armv8-a -fPIC -DANDROID -I/home/aka/.buildozer/android/platform/android-ndk-r25c/toolchains/llvm/prebuilt/linux-x86_64/sysroot/usr/include -I/home/aka/Project/metronoming/.buildozer/android/platform/build-arm64-v8a_armeabi-v7a/build/other_builds/python3/arm64-v8a__ndk_target_24/python3/android-build/android-root/include/python3.14 conftest__.c -o conftest__.o
clang-14: error: unsupported argument 'bounds-strict' to option 'fsanitize='
child process exited abnormally
============
The failed code was:
int main(void) {

return 0;
}
============
Failed: /home/aka/.buildozer/android/platform/android-ndk-r25c/toolchains/llvm/prebuilt/linux-x86_64/bin/clang -target aarch64-linux-android24 -fomit-frame-pointer -march=armv8-a -fPIC -L/home/aka/Project/metronoming/.buildozer/android/platform/build-arm64-v8a_armeabi-v7a/build/libs_collections/metronoming/arm64-v8a -target aarch64-linux-android24 -fomit-frame-pointer -march=armv8-a -fPIC conftest__.c -o conftest__
conftest__.c:1:13: warning: incompatible redeclaration of library function 'ceil' [-Wincompatible-library-redeclaration]
extern void ceil(void);
            ^
conftest__.c:1:13: note: 'ceil' is a builtin with type 'double (double)'
1 warning generated.
ld: error: undefined symbol: ceil
>>> referenced by conftest__.c
>>>               /tmp/conftest__-d60e33.o:(main)
clang-14: error: linker command failed with exit code 1 (use -v to see invocation)
child process exited abnormally
============
The failed code was:
extern void ceil(void);
int main(void) {
ceil();
return 0;
}
============
